2024-05-13 21:59:56,635 [1] ERROR ScannerService.Program - An error occurred while uploading the image: An error occurred while sending the request.
2024-05-13 22:03:22,438 [1] ERROR ScannerService.Program - An error occurred while uploading the image: An error occurred while sending the request.
2024-05-13 22:04:35,085 [1] ERROR ScannerService.Program - An error occurred while uploading the image: An error occurred while sending the request.
2024-05-13 22:06:37,934 [1] ERROR ScannerService.Program - An error occurred while uploading the image: An error occurred while sending the request.
2024-05-13 22:07:21,395 [1] ERROR ScannerService.Program - An error occurred while uploading the image: An error occurred while sending the request.
2024-05-13 22:09:38,850 [1] ERROR ScannerService.Program - An error occurred while uploading the image: An error occurred while sending the request.
2024-05-13 22:12:26,165 [3] INFO  ScannerService.Program - Connecting to Scanner...
2024-05-13 22:12:26,174 [1] INFO  ScannerService.Program - Connecting to Scanner...
2024-05-13 22:12:26,281 [3] INFO  ScannerService.Program -   Connecting Scanner...
2024-05-13 22:12:26,281 [1] INFO  ScannerService.Program -   Connecting Scanner...
2024-05-13 22:12:26,317 [3] ERROR ScannerService.Program -  
 Object reference not set to an instance of an object. 
    at ScannerService.Scanner.ConnectVia_DeviceManager() in C:\Users\DSingh\Downloads\ScannerService\UI\ScannerService\Scanner.cs:line 103
2024-05-13 22:12:26,319 [1] ERROR ScannerService.Program - 
2024-05-13 22:12:26,324 [3] INFO  ScannerService.Program - Scanner not found.
2024-05-13 22:12:26,324 [1] INFO  ScannerService.Program - Scanner not found.
2024-05-13 22:12:26,405 [3] INFO  ScannerService.Program -  
 Exception from HRESULT: 0x80210015 
    at WIA.ICommonDialog.ShowSelectDevice(WiaDeviceType DeviceType, Boolean AlwaysSelectDevice, Boolean CancelError)
   at ScannerService.Scanner.ConnectVia_CommonDialog() in C:\Users\DSingh\Downloads\ScannerService\UI\ScannerService\Scanner.cs:line 129
2024-05-13 22:12:26,408 [1] INFO  ScannerService.Program - 
2024-05-13 22:12:26,412 [3] INFO  ScannerService.Program - Scanner not found.
2024-05-13 22:12:26,413 [1] INFO  ScannerService.Program - Scanner not found.
2024-05-13 22:12:26,416 [3] INFO  ScannerService.Program - No Scanner found
2024-05-13 22:12:26,418 [1] INFO  ScannerService.Program - No Scanner found
2024-05-13 22:13:43,743 [3] INFO  ScannerService.Program - Connecting to Scanner...
2024-05-13 22:13:43,752 [1] INFO  ScannerService.Program - Connecting to Scanner...
2024-05-13 22:13:43,830 [3] INFO  ScannerService.Program -   Connecting Scanner...
2024-05-13 22:13:43,830 [1] INFO  ScannerService.Program -   Connecting Scanner...
2024-05-13 22:13:43,844 [3] ERROR ScannerService.Program -  
 Object reference not set to an instance of an object. 
    at ScannerService.Scanner.ConnectVia_DeviceManager() in C:\Users\DSingh\Downloads\ScannerService\UI\ScannerService\Scanner.cs:line 103
2024-05-13 22:13:43,844 [1] ERROR ScannerService.Program - 
2024-05-13 22:13:43,852 [3] INFO  ScannerService.Program - Scanner not found.
2024-05-13 22:13:43,853 [1] INFO  ScannerService.Program - Scanner not found.
2024-05-13 22:13:43,954 [3] INFO  ScannerService.Program -  
 Exception from HRESULT: 0x80210015 
    at WIA.ICommonDialog.ShowSelectDevice(WiaDeviceType DeviceType, Boolean AlwaysSelectDevice, Boolean CancelError)
   at ScannerService.Scanner.ConnectVia_CommonDialog() in C:\Users\DSingh\Downloads\ScannerService\UI\ScannerService\Scanner.cs:line 129
2024-05-13 22:13:43,954 [1] INFO  ScannerService.Program - 
2024-05-13 22:13:43,962 [3] INFO  ScannerService.Program - Scanner not found.
2024-05-13 22:13:43,963 [1] INFO  ScannerService.Program - Scanner not found.
2024-05-13 22:13:43,967 [3] INFO  ScannerService.Program - No Scanner found
2024-05-13 22:13:43,967 [1] INFO  ScannerService.Program - No Scanner found
2024-05-13 22:14:44,154 [3] INFO  ScannerService.Program - Connecting to Scanner...
2024-05-13 22:14:44,160 [1] INFO  ScannerService.Program - Connecting to Scanner...
2024-05-13 22:14:44,208 [3] INFO  ScannerService.Program -   Connecting Scanner...
2024-05-13 22:14:44,208 [1] INFO  ScannerService.Program -   Connecting Scanner...
2024-05-13 22:14:49,552 [3] ERROR ScannerService.Program -  
 Object reference not set to an instance of an object. 
    at ScannerService.Scanner.ConnectVia_DeviceManager() in C:\Users\DSingh\Downloads\ScannerService\UI\ScannerService\Scanner.cs:line 103
2024-05-13 22:14:49,553 [1] ERROR ScannerService.Program - 
2024-05-13 22:14:53,552 [3] INFO  ScannerService.Program - Scanner not found.
2024-05-13 22:14:53,552 [1] INFO  ScannerService.Program - Scanner not found.
2024-05-13 22:14:56,360 [3] INFO  ScannerService.Program -  
 Exception from HRESULT: 0x80210015 
    at WIA.ICommonDialog.ShowSelectDevice(WiaDeviceType DeviceType, Boolean AlwaysSelectDevice, Boolean CancelError)
   at ScannerService.Scanner.ConnectVia_CommonDialog() in C:\Users\DSingh\Downloads\ScannerService\UI\ScannerService\Scanner.cs:line 130
2024-05-13 22:14:56,361 [1] INFO  ScannerService.Program - 
2024-05-13 22:14:56,361 [3] INFO  ScannerService.Program - Scanner not found.
2024-05-13 22:14:56,362 [1] INFO  ScannerService.Program - Scanner not found.
2024-05-13 22:14:57,363 [3] INFO  ScannerService.Program - No Scanner found
2024-05-13 22:14:57,363 [1] INFO  ScannerService.Program - No Scanner found
2024-05-14 01:24:40,452 [1] ERROR ScannerService.Program - An error occurred while uploading the image: An error occurred while sending the request.
2024-05-14 02:40:09,122 [1] ERROR ScannerService.Program - An error occurred while uploading the image: A task was canceled.
2024-05-14 02:56:36,479 [1] ERROR ScannerService.Program - An error occurred while uploading the image: A task was canceled.
2024-05-14 10:12:29,125 [1] ERROR ScannerService.Program - An error occurred while uploading the image: An error occurred while sending the request.
2024-05-14 10:39:28,513 [1] ERROR ScannerService.Program - An error occurred while uploading the image: An error occurred while sending the request.
2024-05-14 11:00:20,633 [1] ERROR ScannerService.Program - An error occurred while uploading the image: Empty path name is not legal.
2024-05-14 11:01:13,936 [1] ERROR ScannerService.Program - An error occurred while uploading the image: Empty path name is not legal.
2024-05-14 11:02:48,884 [1] ERROR ScannerService.Program - An error occurred while uploading the image: Empty path name is not legal.
2024-05-14 11:05:57,350 [1] ERROR ScannerService.Program - An error occurred while uploading the image: An error occurred while sending the request.
2024-05-14 11:06:51,575 [3] INFO  ScannerService.Program - Connecting to Scanner...
2024-05-14 11:06:51,595 [1] INFO  ScannerService.Program - Connecting to Scanner...
2024-05-14 11:06:52,033 [3] INFO  ScannerService.Program -   Scanner device found HP592934 (HP Smart Tank 580-590 series)
2024-05-14 11:06:52,034 [1] INFO  ScannerService.Program -   Scanner device found HP592934 (HP Smart Tank 580-590 series)
2024-05-14 11:06:52,047 [3] INFO  ScannerService.Program -   Connecting Scanner...
2024-05-14 11:06:52,048 [1] INFO  ScannerService.Program -   Connecting Scanner...
2024-05-14 11:06:52,280 [3] INFO  ScannerService.Program -   Scanner connected...
2024-05-14 11:06:52,280 [1] INFO  ScannerService.Program -   Scanner connected...
2024-05-14 11:06:52,311 [3] INFO  ScannerService.Program -       Configuraing Scanner before page scan...
2024-05-14 11:06:52,311 [1] INFO  ScannerService.Program -       Configuraing Scanner before page scan...
2024-05-14 11:06:52,638 [3] INFO  ScannerService.Program -       Configured Scanner for page scan...
2024-05-14 11:06:52,638 [1] INFO  ScannerService.Program -       Configured Scanner for page scan...
2024-05-14 11:06:52,672 [3] INFO  ScannerService.Program -       Starting page scan...
2024-05-14 11:06:52,675 [1] INFO  ScannerService.Program -       Starting page scan...
2024-05-14 11:06:52,708 [3] INFO  ScannerService.Program -          Scanning page 1...
2024-05-14 11:06:52,710 [1] INFO  ScannerService.Program -          Scanning page 1...
2024-05-14 11:07:00,962 [3] INFO  ScannerService.Program -          Page 1 scanned.
2024-05-14 11:07:00,963 [1] INFO  ScannerService.Program -          Page 1 scanned.
2024-05-14 11:07:01,071 [3] INFO  ScannerService.Program -           Error while scanning page 
 Exception from HRESULT: 0x8021006A 
    at WIA.IProperties.get_Item(Object& Index)
   at ScannerService.Scanner.ScanMultiplePages(IItem item) in C:\Users\DSingh\Downloads\ScannerService\UI\ScannerService\Scanner.cs:line 307
2024-05-14 11:07:01,072 [1] INFO  ScannerService.Program -           Error while scanning page
2024-05-14 11:07:01,091 [3] INFO  ScannerService.Program -      Number of pages scanned: 1
2024-05-14 11:07:01,092 [1] INFO  ScannerService.Program -      Number of pages scanned: 1
2024-05-14 11:07:01,980 [3] INFO  ScannerService.Program -      Started Combining all scanned document into single file
2024-05-14 11:07:01,982 [1] INFO  ScannerService.Program -      Started Combining all scanned document into single file
2024-05-14 11:10:09,488 [3] INFO  ScannerService.Program - Connecting to Scanner...
2024-05-14 11:10:09,508 [1] INFO  ScannerService.Program - Connecting to Scanner...
2024-05-14 11:10:09,810 [3] INFO  ScannerService.Program -   Scanner device found HP592934 (HP Smart Tank 580-590 series)
2024-05-14 11:10:09,811 [1] INFO  ScannerService.Program -   Scanner device found HP592934 (HP Smart Tank 580-590 series)
2024-05-14 11:10:09,825 [3] INFO  ScannerService.Program -   Connecting Scanner...
2024-05-14 11:10:09,829 [1] INFO  ScannerService.Program -   Connecting Scanner...
2024-05-14 11:10:10,135 [3] INFO  ScannerService.Program -   Scanner connected...
2024-05-14 11:10:10,137 [1] INFO  ScannerService.Program -   Scanner connected...
2024-05-14 11:10:10,193 [3] INFO  ScannerService.Program -       Configuraing Scanner before page scan...
2024-05-14 11:10:10,199 [1] INFO  ScannerService.Program -       Configuraing Scanner before page scan...
2024-05-14 11:10:10,564 [3] INFO  ScannerService.Program -       Configured Scanner for page scan...
2024-05-14 11:10:10,564 [1] INFO  ScannerService.Program -       Configured Scanner for page scan...
2024-05-14 11:10:10,573 [3] INFO  ScannerService.Program -       Starting page scan...
2024-05-14 11:10:10,574 [1] INFO  ScannerService.Program -       Starting page scan...
2024-05-14 11:10:10,597 [3] INFO  ScannerService.Program -          Scanning page 1...
2024-05-14 11:10:10,598 [1] INFO  ScannerService.Program -          Scanning page 1...
2024-05-14 11:10:16,988 [3] INFO  ScannerService.Program -          Page 1 scanned.
2024-05-14 11:10:16,988 [1] INFO  ScannerService.Program -          Page 1 scanned.
2024-05-14 11:10:17,171 [3] INFO  ScannerService.Program -           Error while scanning page 
 Exception from HRESULT: 0x8021006A 
    at WIA.IProperties.get_Item(Object& Index)
   at ScannerService.Scanner.ScanMultiplePages(IItem item) in C:\Users\DSingh\Downloads\ScannerService\UI\ScannerService\Scanner.cs:line 308
2024-05-14 11:10:17,171 [1] INFO  ScannerService.Program -           Error while scanning page
2024-05-14 11:10:17,269 [3] INFO  ScannerService.Program -      Number of pages scanned: 1
2024-05-14 11:10:17,270 [1] INFO  ScannerService.Program -      Number of pages scanned: 1
2024-05-14 11:10:18,107 [3] INFO  ScannerService.Program -      Started Combining all scanned document into single file
2024-05-14 11:10:18,108 [1] INFO  ScannerService.Program -      Started Combining all scanned document into single file
2024-05-14 11:14:01,196 [3] INFO  ScannerService.Program -      Completed Combining all scanned document into single file at c:\temp\Scan_14052024111018.pdf
2024-05-14 11:14:01,198 [1] INFO  ScannerService.Program -      Completed Combining all scanned document into single file at c:\temp\Scan_14052024111018.pdf
2024-05-14 11:14:01,225 [3] INFO  ScannerService.Program - Application finished.
2024-05-14 11:14:01,226 [1] INFO  ScannerService.Program - Application finished.
2024-05-14 11:14:17,994 [9] ERROR ScannerService.Program - An error occurred while uploading the image: An error occurred while sending the request.
2024-05-14 11:14:17,998 [1] ERROR ScannerService.Program - An error occurred while uploading the image: An error occurred while sending the request.
2024-05-14 11:15:36,158 [3] INFO  ScannerService.Program - Connecting to Scanner...
2024-05-14 11:15:36,191 [1] INFO  ScannerService.Program - Connecting to Scanner...
2024-05-14 11:15:36,529 [3] INFO  ScannerService.Program -   Scanner device found HP592934 (HP Smart Tank 580-590 series)
2024-05-14 11:15:36,530 [1] INFO  ScannerService.Program -   Scanner device found HP592934 (HP Smart Tank 580-590 series)
2024-05-14 11:15:36,536 [3] INFO  ScannerService.Program -   Connecting Scanner...
2024-05-14 11:15:36,536 [1] INFO  ScannerService.Program -   Connecting Scanner...
2024-05-14 11:15:36,806 [3] INFO  ScannerService.Program -   Scanner connected...
2024-05-14 11:15:36,808 [1] INFO  ScannerService.Program -   Scanner connected...
2024-05-14 11:15:36,836 [3] INFO  ScannerService.Program -       Configuraing Scanner before page scan...
2024-05-14 11:15:36,838 [1] INFO  ScannerService.Program -       Configuraing Scanner before page scan...
2024-05-14 11:15:37,183 [3] INFO  ScannerService.Program -       Configured Scanner for page scan...
2024-05-14 11:15:37,185 [1] INFO  ScannerService.Program -       Configured Scanner for page scan...
2024-05-14 11:15:37,220 [3] INFO  ScannerService.Program -       Starting page scan...
2024-05-14 11:15:37,224 [1] INFO  ScannerService.Program -       Starting page scan...
2024-05-14 11:15:37,232 [3] INFO  ScannerService.Program -          Scanning page 1...
2024-05-14 11:15:37,233 [1] INFO  ScannerService.Program -          Scanning page 1...
2024-05-14 11:15:42,929 [3] INFO  ScannerService.Program -          Page 1 scanned.
2024-05-14 11:15:42,929 [1] INFO  ScannerService.Program -          Page 1 scanned.
2024-05-14 11:15:43,042 [3] INFO  ScannerService.Program -           Error while scanning page 
 Exception from HRESULT: 0x8021006A 
    at WIA.IProperties.get_Item(Object& Index)
   at ScannerService.Scanner.ScanMultiplePages(IItem item) in C:\Users\DSingh\Downloads\ScannerService\UI\ScannerService\Scanner.cs:line 308
2024-05-14 11:15:43,042 [1] INFO  ScannerService.Program -           Error while scanning page
2024-05-14 11:15:43,080 [3] INFO  ScannerService.Program -      Number of pages scanned: 1
2024-05-14 11:15:43,081 [1] INFO  ScannerService.Program -      Number of pages scanned: 1
2024-05-14 11:15:43,164 [3] INFO  ScannerService.Program -      Started Combining all scanned document into single file
2024-05-14 11:15:43,165 [1] INFO  ScannerService.Program -      Started Combining all scanned document into single file
2024-05-14 11:15:53,336 [3] INFO  ScannerService.Program -      Completed Combining all scanned document into single file at c:\temp\Scan_14052024111543.pdf
2024-05-14 11:15:53,336 [1] INFO  ScannerService.Program -      Completed Combining all scanned document into single file at c:\temp\Scan_14052024111543.pdf
2024-05-14 11:15:53,346 [3] INFO  ScannerService.Program - Application finished.
2024-05-14 11:15:53,346 [1] INFO  ScannerService.Program - Application finished.
2024-05-14 11:16:56,589 [3] INFO  ScannerService.Program - Connecting to Scanner...
2024-05-14 11:16:56,611 [1] INFO  ScannerService.Program - Connecting to Scanner...
2024-05-14 11:16:56,804 [3] INFO  ScannerService.Program -   Scanner device found HP592934 (HP Smart Tank 580-590 series)
2024-05-14 11:16:56,804 [1] INFO  ScannerService.Program -   Scanner device found HP592934 (HP Smart Tank 580-590 series)
2024-05-14 11:16:56,806 [3] INFO  ScannerService.Program -   Connecting Scanner...
2024-05-14 11:16:56,807 [1] INFO  ScannerService.Program -   Connecting Scanner...
2024-05-14 11:16:56,940 [3] INFO  ScannerService.Program -   Scanner connected...
2024-05-14 11:16:56,940 [1] INFO  ScannerService.Program -   Scanner connected...
2024-05-14 11:16:56,957 [3] INFO  ScannerService.Program -       Configuraing Scanner before page scan...
2024-05-14 11:16:56,957 [1] INFO  ScannerService.Program -       Configuraing Scanner before page scan...
2024-05-14 11:16:57,192 [3] INFO  ScannerService.Program -       Configured Scanner for page scan...
2024-05-14 11:16:57,192 [1] INFO  ScannerService.Program -       Configured Scanner for page scan...
2024-05-14 11:16:57,213 [3] INFO  ScannerService.Program -       Starting page scan...
2024-05-14 11:16:57,214 [1] INFO  ScannerService.Program -       Starting page scan...
2024-05-14 11:16:57,220 [3] INFO  ScannerService.Program -          Scanning page 1...
2024-05-14 11:16:57,220 [1] INFO  ScannerService.Program -          Scanning page 1...
2024-05-14 11:17:02,836 [3] INFO  ScannerService.Program -          Page 1 scanned.
2024-05-14 11:17:02,837 [1] INFO  ScannerService.Program -          Page 1 scanned.
2024-05-14 11:17:02,931 [3] INFO  ScannerService.Program -           Error while scanning page 
 Exception from HRESULT: 0x8021006A 
    at WIA.IProperties.get_Item(Object& Index)
   at ScannerService.Scanner.ScanMultiplePages(IItem item) in C:\Users\DSingh\Downloads\ScannerService\UI\ScannerService\Scanner.cs:line 308
2024-05-14 11:17:02,932 [1] INFO  ScannerService.Program -           Error while scanning page
2024-05-14 11:17:02,957 [3] INFO  ScannerService.Program -      Number of pages scanned: 1
2024-05-14 11:17:02,958 [1] INFO  ScannerService.Program -      Number of pages scanned: 1
2024-05-14 11:17:03,073 [3] INFO  ScannerService.Program -      Started Combining all scanned document into single file
2024-05-14 11:17:03,073 [1] INFO  ScannerService.Program -      Started Combining all scanned document into single file
2024-05-14 11:17:16,046 [3] INFO  ScannerService.Program -      Completed Combining all scanned document into single file at c:\temp\Scan_14052024111703.pdf
2024-05-14 11:17:16,049 [1] INFO  ScannerService.Program -      Completed Combining all scanned document into single file at c:\temp\Scan_14052024111703.pdf
2024-05-14 11:17:16,072 [3] INFO  ScannerService.Program - Application finished.
2024-05-14 11:17:16,074 [1] INFO  ScannerService.Program - Application finished.
2024-05-14 11:20:11,556 [3] INFO  ScannerService.Program - Connecting to Scanner...
2024-05-14 11:20:11,576 [1] INFO  ScannerService.Program - Connecting to Scanner...
2024-05-14 11:20:11,829 [3] INFO  ScannerService.Program -   Scanner device found HP592934 (HP Smart Tank 580-590 series)
2024-05-14 11:20:11,829 [1] INFO  ScannerService.Program -   Scanner device found HP592934 (HP Smart Tank 580-590 series)
2024-05-14 11:20:11,847 [3] INFO  ScannerService.Program -   Connecting Scanner...
2024-05-14 11:20:11,848 [1] INFO  ScannerService.Program -   Connecting Scanner...
2024-05-14 11:20:12,039 [3] INFO  ScannerService.Program -   Scanner connected...
2024-05-14 11:20:12,040 [1] INFO  ScannerService.Program -   Scanner connected...
2024-05-14 11:20:12,074 [3] INFO  ScannerService.Program -       Configuraing Scanner before page scan...
2024-05-14 11:20:12,075 [1] INFO  ScannerService.Program -       Configuraing Scanner before page scan...
2024-05-14 11:20:12,347 [3] INFO  ScannerService.Program -       Configured Scanner for page scan...
2024-05-14 11:20:12,350 [1] INFO  ScannerService.Program -       Configured Scanner for page scan...
2024-05-14 11:20:12,373 [3] INFO  ScannerService.Program -       Starting page scan...
2024-05-14 11:20:12,374 [1] INFO  ScannerService.Program -       Starting page scan...
2024-05-14 11:20:12,392 [3] INFO  ScannerService.Program -          Scanning page 1...
2024-05-14 11:20:12,393 [1] INFO  ScannerService.Program -          Scanning page 1...
2024-05-14 11:20:17,776 [3] INFO  ScannerService.Program -          Page 1 scanned.
2024-05-14 11:20:17,777 [1] INFO  ScannerService.Program -          Page 1 scanned.
2024-05-14 11:20:17,958 [3] INFO  ScannerService.Program -           Error while scanning page 
 Exception from HRESULT: 0x8021006A 
    at WIA.IProperties.get_Item(Object& Index)
   at ScannerService.Scanner.ScanMultiplePages(IItem item) in C:\Users\DSingh\Downloads\ScannerService\UI\ScannerService\Scanner.cs:line 308
2024-05-14 11:20:17,959 [1] INFO  ScannerService.Program -           Error while scanning page
2024-05-14 11:20:17,998 [3] INFO  ScannerService.Program -      Number of pages scanned: 1
2024-05-14 11:20:17,999 [1] INFO  ScannerService.Program -      Number of pages scanned: 1
2024-05-14 11:20:18,143 [3] INFO  ScannerService.Program -      Started Combining all scanned document into single file
2024-05-14 11:20:18,144 [1] INFO  ScannerService.Program -      Started Combining all scanned document into single file
2024-05-14 11:20:24,771 [3] INFO  ScannerService.Program -      Completed Combining all scanned document into single file at c:\temp\Scan_14052024112018.pdf
2024-05-14 11:20:24,773 [1] INFO  ScannerService.Program -      Completed Combining all scanned document into single file at c:\temp\Scan_14052024112018.pdf
2024-05-14 11:20:24,816 [3] INFO  ScannerService.Program - Application finished.
2024-05-14 11:20:24,819 [1] INFO  ScannerService.Program - Application finished.
2024-05-14 11:21:20,322 [3] INFO  ScannerService.Program - Connecting to Scanner...
2024-05-14 11:21:20,338 [1] INFO  ScannerService.Program - Connecting to Scanner...
2024-05-14 11:21:20,574 [3] INFO  ScannerService.Program -   Scanner device found HP592934 (HP Smart Tank 580-590 series)
2024-05-14 11:21:20,574 [1] INFO  ScannerService.Program -   Scanner device found HP592934 (HP Smart Tank 580-590 series)
2024-05-14 11:21:20,589 [3] INFO  ScannerService.Program -   Connecting Scanner...
2024-05-14 11:21:20,590 [1] INFO  ScannerService.Program -   Connecting Scanner...
2024-05-14 11:21:20,850 [3] INFO  ScannerService.Program -   Scanner connected...
2024-05-14 11:21:20,850 [1] INFO  ScannerService.Program -   Scanner connected...
2024-05-14 11:21:20,886 [3] INFO  ScannerService.Program -       Configuraing Scanner before page scan...
2024-05-14 11:21:20,886 [1] INFO  ScannerService.Program -       Configuraing Scanner before page scan...
2024-05-14 11:21:21,192 [3] INFO  ScannerService.Program -       Configured Scanner for page scan...
2024-05-14 11:21:21,192 [1] INFO  ScannerService.Program -       Configured Scanner for page scan...
2024-05-14 11:21:21,217 [3] INFO  ScannerService.Program -       Starting page scan...
2024-05-14 11:21:21,217 [1] INFO  ScannerService.Program -       Starting page scan...
2024-05-14 11:21:21,235 [3] INFO  ScannerService.Program -          Scanning page 1...
2024-05-14 11:21:21,239 [1] INFO  ScannerService.Program -          Scanning page 1...
2024-05-14 11:21:26,833 [3] INFO  ScannerService.Program -          Page 1 scanned.
2024-05-14 11:21:26,833 [1] INFO  ScannerService.Program -          Page 1 scanned.
2024-05-14 11:21:26,960 [3] INFO  ScannerService.Program -           Error while scanning page 
 Exception from HRESULT: 0x8021006A 
    at WIA.IProperties.get_Item(Object& Index)
   at ScannerService.Scanner.ScanMultiplePages(IItem item) in C:\Users\DSingh\Downloads\ScannerService\UI\ScannerService\Scanner.cs:line 308
2024-05-14 11:21:26,960 [1] INFO  ScannerService.Program -           Error while scanning page
2024-05-14 11:21:27,008 [3] INFO  ScannerService.Program -      Number of pages scanned: 1
2024-05-14 11:21:27,009 [1] INFO  ScannerService.Program -      Number of pages scanned: 1
2024-05-14 11:21:27,103 [3] INFO  ScannerService.Program -      Started Combining all scanned document into single file
2024-05-14 11:21:27,103 [1] INFO  ScannerService.Program -      Started Combining all scanned document into single file
2024-05-14 11:21:33,378 [3] INFO  ScannerService.Program -      Completed Combining all scanned document into single file at c:\temp\Scan_14052024112127.pdf
2024-05-14 11:21:33,384 [1] INFO  ScannerService.Program -      Completed Combining all scanned document into single file at c:\temp\Scan_14052024112127.pdf
2024-05-14 11:21:33,415 [3] INFO  ScannerService.Program - Application finished.
2024-05-14 11:21:33,415 [1] INFO  ScannerService.Program - Application finished.
2024-05-14 11:21:39,719 [9] ERROR ScannerService.Program - An error occurred while uploading the image: An error occurred while sending the request.
2024-05-14 11:21:39,721 [1] ERROR ScannerService.Program - An error occurred while uploading the image: An error occurred while sending the request.
2024-05-14 11:22:08,846 [3] INFO  ScannerService.Program - Connecting to Scanner...
2024-05-14 11:22:08,867 [1] INFO  ScannerService.Program - Connecting to Scanner...
2024-05-14 11:22:09,134 [3] INFO  ScannerService.Program -   Scanner device found HP592934 (HP Smart Tank 580-590 series)
2024-05-14 11:22:09,134 [1] INFO  ScannerService.Program -   Scanner device found HP592934 (HP Smart Tank 580-590 series)
2024-05-14 11:22:09,160 [3] INFO  ScannerService.Program -   Connecting Scanner...
2024-05-14 11:22:09,162 [1] INFO  ScannerService.Program -   Connecting Scanner...
2024-05-14 11:22:09,383 [3] INFO  ScannerService.Program -   Scanner connected...
2024-05-14 11:22:09,383 [1] INFO  ScannerService.Program -   Scanner connected...
2024-05-14 11:22:09,411 [3] INFO  ScannerService.Program -       Configuraing Scanner before page scan...
2024-05-14 11:22:09,412 [1] INFO  ScannerService.Program -       Configuraing Scanner before page scan...
2024-05-14 11:22:09,751 [3] INFO  ScannerService.Program -       Configured Scanner for page scan...
2024-05-14 11:22:09,751 [1] INFO  ScannerService.Program -       Configured Scanner for page scan...
2024-05-14 11:22:09,768 [3] INFO  ScannerService.Program -       Starting page scan...
2024-05-14 11:22:09,769 [1] INFO  ScannerService.Program -       Starting page scan...
2024-05-14 11:22:09,785 [3] INFO  ScannerService.Program -          Scanning page 1...
2024-05-14 11:22:09,791 [1] INFO  ScannerService.Program -          Scanning page 1...
2024-05-14 11:22:15,594 [3] INFO  ScannerService.Program -          Page 1 scanned.
2024-05-14 11:22:15,594 [1] INFO  ScannerService.Program -          Page 1 scanned.
2024-05-14 11:22:15,703 [3] INFO  ScannerService.Program -           Error while scanning page 
 Exception from HRESULT: 0x8021006A 
    at WIA.IProperties.get_Item(Object& Index)
   at ScannerService.Scanner.ScanMultiplePages(IItem item) in C:\Users\DSingh\Downloads\ScannerService\UI\ScannerService\Scanner.cs:line 308
2024-05-14 11:22:15,703 [1] INFO  ScannerService.Program -           Error while scanning page
2024-05-14 11:22:15,730 [3] INFO  ScannerService.Program -      Number of pages scanned: 1
2024-05-14 11:22:15,731 [1] INFO  ScannerService.Program -      Number of pages scanned: 1
2024-05-14 11:22:15,824 [3] INFO  ScannerService.Program -      Started Combining all scanned document into single file
2024-05-14 11:22:15,825 [1] INFO  ScannerService.Program -      Started Combining all scanned document into single file
2024-05-14 11:22:22,322 [3] INFO  ScannerService.Program -      Completed Combining all scanned document into single file at c:\temp\Scan_14052024112215.pdf
2024-05-14 11:22:22,323 [1] INFO  ScannerService.Program -      Completed Combining all scanned document into single file at c:\temp\Scan_14052024112215.pdf
2024-05-14 11:22:22,391 [3] INFO  ScannerService.Program - Application finished.
2024-05-14 11:22:22,393 [1] INFO  ScannerService.Program - Application finished.
2024-05-14 11:22:28,916 [11] ERROR ScannerService.Program - An error occurred while uploading the image: An error occurred while sending the request.
2024-05-14 11:22:28,917 [1] ERROR ScannerService.Program - An error occurred while uploading the image: An error occurred while sending the request.
2024-05-14 11:22:54,772 [1] ERROR ScannerService.Program - An error occurred while uploading the image: Empty path name is not legal.
2024-05-14 11:25:15,498 [1] ERROR ScannerService.Program - An error occurred while uploading the image: Empty path name is not legal.
2024-05-14 11:25:49,834 [1] ERROR ScannerService.Program - An error occurred while uploading the image: Empty path name is not legal.
